<?xml version="1.0" encoding="UTF-8"?>
<!-- Generated by org.testng.reporters.JUnitReportReporter -->
<testsuite hostname="Sivarama-Krishna" failures="0" tests="31" name="Dashboard.HomeDashboard_LinksTest" time="124.851" errors="1" timestamp="2023-11-09T18:04:17 IST" skipped="0">
  <testcase classname="Dashboard.HomeDashboard_LinksTest" name="BrowserLaunch" time="12.621"/>
  <system-out/>
  <testcase classname="Dashboard.HomeDashboard_LinksTest" name="HD_MyJob" time="5.143">
    <error message="Unable to locate element: My Jobs
For documentation on this error, please visit: https://selenium.dev/exceptions/#no_such_element
Build info: version: &#039;4.0.0-alpha-5&#039;, revision: &#039;b3a0d621cc&#039;
System info: host: &#039;SIVARAMA-KRISHN&#039;, ip: &#039;192.168.4.80&#039;, os.name: &#039;Windows 10&#039;, os.arch: &#039;amd64&#039;, os.version: &#039;10.0&#039;, java.version: &#039;18.0.2.1&#039;
Driver info: org.openqa.selenium.firefox.FirefoxDriver
Capabilities {acceptInsecureCerts: true, browserName: firefox, browserVersion: 116.0.2, javascriptEnabled: true, moz:accessibilityChecks: false, moz:buildID: 20230805021307, moz:geckodriverVersion: 0.33.0, moz:headless: false, moz:platformVersion: 10.0, moz:processID: 11272, moz:profile: C:\Users\SIVARA~1\AppData\L..., moz:shutdownTimeout: 60000, moz:webdriverClick: true, moz:windowless: false, pageLoadStrategy: normal, platform: WINDOWS, platformName: WINDOWS, proxy: Proxy(), setWindowRect: true, strictFileInteractability: false, timeouts: {implicit: 0, pageLoad: 300000, script: 30000}, unhandledPromptBehavior: dismiss and notify}
Session ID: 6dccf81b-07bb-4501-840b-9ccce4aadebf
*** Element info: {Using=link text, value=My Jobs}" type="org.openqa.selenium.NoSuchElementException">
      <![CDATA[org.openqa.selenium.NoSuchElementException: Unable to locate element: My Jobs
For documentation on this error, please visit: https://selenium.dev/exceptions/#no_such_element
Build info: version: '4.0.0-alpha-5', revision: 'b3a0d621cc'
System info: host: 'SIVARAMA-KRISHN', ip: '192.168.4.80', os.name: 'Windows 10', os.arch: 'amd64', os.version: '10.0', java.version: '18.0.2.1'
Driver info: org.openqa.selenium.firefox.FirefoxDriver
Capabilities {acceptInsecureCerts: true, browserName: firefox, browserVersion: 116.0.2, javascriptEnabled: true, moz:accessibilityChecks: false, moz:buildID: 20230805021307, moz:geckodriverVersion: 0.33.0, moz:headless: false, moz:platformVersion: 10.0, moz:processID: 11272, moz:profile: C:\Users\SIVARA~1\AppData\L..., moz:shutdownTimeout: 60000, moz:webdriverClick: true, moz:windowless: false, pageLoadStrategy: normal, platform: WINDOWS, platformName: WINDOWS, proxy: Proxy(), setWindowRect: true, strictFileInteractability: false, timeouts: {implicit: 0, pageLoad: 300000, script: 30000}, unhandledPromptBehavior: dismiss and notify}
Session ID: 6dccf81b-07bb-4501-840b-9ccce4aadebf
*** Element info: {Using=link text, value=My Jobs}
at java.base/jdk.internal.reflect.DirectConstructorHandleAccessor.newInstance(DirectConstructorHandleAccessor.java:67)
at java.base/java.lang.reflect.Constructor.newInstanceWithCaller(Constructor.java:499)
at java.base/java.lang.reflect.Constructor.newInstance(Constructor.java:483)
at org.openqa.selenium.remote.codec.w3c.W3CHttpResponseCodec.createException(W3CHttpResponseCodec.java:196)
at org.openqa.selenium.remote.codec.w3c.W3CHttpResponseCodec.decode(W3CHttpResponseCodec.java:129)
at org.openqa.selenium.remote.codec.w3c.W3CHttpResponseCodec.decode(W3CHttpResponseCodec.java:53)
at org.openqa.selenium.remote.HttpCommandExecutor.execute(HttpCommandExecutor.java:161)
at org.openqa.selenium.remote.service.DriverCommandExecutor.execute(DriverCommandExecutor.java:83)
at org.openqa.selenium.remote.RemoteWebDriver.execute(RemoteWebDriver.java:582)
at org.openqa.selenium.remote.RemoteWebDriver.findElement(RemoteWebDriver.java:333)
at org.openqa.selenium.remote.RemoteWebDriver.findElementByLinkText(RemoteWebDriver.java:391)
at org.openqa.selenium.By$ByLinkText.findElement(By.java:233)
at org.openqa.selenium.remote.RemoteWebDriver.findElement(RemoteWebDriver.java:325)
at Dashboard.HomeDashboard_LinksPage.HD_MyJobs_Link(HomeDashboard_LinksPage.java:19)
at Dashboard.HomeDashboard_LinksTest.HD_MyJob(HomeDashboard_LinksTest.java:25)
at java.base/jdk.internal.reflect.DirectMethodHandleAccessor.invoke(DirectMethodHandleAccessor.java:104)
at java.base/java.lang.reflect.Method.invoke(Method.java:577)
at org.testng.internal.MethodInvocationHelper.invokeMethod(MethodInvocationHelper.java:133)
at org.testng.internal.TestInvoker.invokeMethod(TestInvoker.java:598)
at org.testng.internal.TestInvoker.invokeTestMethod(TestInvoker.java:173)
at org.testng.internal.MethodRunner.runInSequence(MethodRunner.java:46)
at org.testng.internal.TestInvoker$MethodInvocationAgent.invoke(TestInvoker.java:824)
at org.testng.internal.TestInvoker.invokeTestMethods(TestInvoker.java:146)
at org.testng.internal.TestMethodWorker.invokeTestMethods(TestMethodWorker.java:146)
at org.testng.internal.TestMethodWorker.run(TestMethodWorker.java:128)
at java.base/java.util.ArrayList.forEach(ArrayList.java:1511)
at org.testng.TestRunner.privateRun(TestRunner.java:794)
at org.testng.TestRunner.run(TestRunner.java:596)
at org.testng.SuiteRunner.runTest(SuiteRunner.java:377)
at org.testng.SuiteRunner.runSequentially(SuiteRunner.java:371)
at org.testng.SuiteRunner.privateRun(SuiteRunner.java:332)
at org.testng.SuiteRunner.run(SuiteRunner.java:276)
at org.testng.SuiteRunnerWorker.runSuite(SuiteRunnerWorker.java:53)
at org.testng.SuiteRunnerWorker.run(SuiteRunnerWorker.java:96)
at org.testng.TestNG.runSuitesSequentially(TestNG.java:1212)
at org.testng.TestNG.runSuitesLocally(TestNG.java:1134)
at org.testng.TestNG.runSuites(TestNG.java:1063)
at org.testng.TestNG.run(TestNG.java:1031)
at org.apache.maven.surefire.testng.TestNGExecutor.run(TestNGExecutor.java:135)
at org.apache.maven.surefire.testng.TestNGDirectoryTestSuite.executeMulti(TestNGDirectoryTestSuite.java:193)
at org.apache.maven.surefire.testng.TestNGDirectoryTestSuite.execute(TestNGDirectoryTestSuite.java:94)
at org.apache.maven.surefire.testng.TestNGProvider.invoke(TestNGProvider.java:146)
at org.apache.maven.surefire.booter.ForkedBooter.invokeProviderInSameClassLoader(ForkedBooter.java:384)
at org.apache.maven.surefire.booter.ForkedBooter.runSuitesInProcess(ForkedBooter.java:345)
at org.apache.maven.surefire.booter.ForkedBooter.execute(ForkedBooter.java:126)
at org.apache.maven.surefire.booter.ForkedBooter.main(ForkedBooter.java:418)
]]>
    </error>
  </testcase> <!-- HD_MyJob -->
  <system-out/>
  <testcase classname="Dashboard.HomeDashboard_LinksTest" name="HD_NewJob" time="5.937"/>
  <system-out/>
  <testcase classname="Dashboard.HomeDashboard_LinksTest" name="HD_SearchJobs" time="4.114"/>
  <system-out/>
  <testcase classname="Dashboard.HomeDashboard_LinksTest" name="HD_JobsDashboard" time="3.573"/>
  <system-out/>
  <testcase classname="Dashboard.HomeDashboard_LinksTest" name="HD_JobSubmissionReport" time="4.255"/>
  <system-out/>
  <testcase classname="Dashboard.HomeDashboard_LinksTest" name="HD_RecruitersSubmissionReport" time="3.844"/>
  <system-out/>
  <testcase classname="Dashboard.HomeDashboard_LinksTest" name="HD_RecruitersInterviewReport" time="3.467"/>
  <system-out/>
  <testcase classname="Dashboard.HomeDashboard_LinksTest" name="HD_RecruitersHiringReport" time="3.434"/>
  <system-out/>
  <testcase classname="Dashboard.HomeDashboard_LinksTest" name="HD_RecruitersActiveReport" time="3.475"/>
  <system-out/>
  <testcase classname="Dashboard.HomeDashboard_LinksTest" name="HD_TalentSearch" time="3.517"/>
  <system-out/>
  <testcase classname="Dashboard.HomeDashboard_LinksTest" name="HD_NewCandidate" time="3.658"/>
  <system-out/>
  <testcase classname="Dashboard.HomeDashboard_LinksTest" name="HD_CandidateHotlists" time="3.659"/>
  <system-out/>
  <testcase classname="Dashboard.HomeDashboard_LinksTest" name="HD_SearchCandidateNotes" time="3.605"/>
  <system-out/>
  <testcase classname="Dashboard.HomeDashboard_LinksTest" name="HD_CandidateList" time="3.657"/>
  <system-out/>
  <testcase classname="Dashboard.HomeDashboard_LinksTest" name="HD_CreateRecruiter" time="3.499"/>
  <system-out/>
  <testcase classname="Dashboard.HomeDashboard_LinksTest" name="HD_RecruiterList" time="3.440"/>
  <system-out/>
  <testcase classname="Dashboard.HomeDashboard_LinksTest" name="HD_RoleAdministration" time="3.571"/>
  <system-out/>
  <testcase classname="Dashboard.HomeDashboard_LinksTest" name="HD_CreateGroup" time="3.529"/>
  <system-out/>
  <testcase classname="Dashboard.HomeDashboard_LinksTest" name="HD_ManageDivisions" time="3.442"/>
  <system-out/>
  <testcase classname="Dashboard.HomeDashboard_LinksTest" name="HD_ResumeParameters" time="3.468"/>
  <system-out/>
  <testcase classname="Dashboard.HomeDashboard_LinksTest" name="HD_MasterList" time="3.642"/>
  <system-out/>
  <testcase classname="Dashboard.HomeDashboard_LinksTest" name="HD_Notifications" time="3.702"/>
  <system-out/>
  <testcase classname="Dashboard.HomeDashboard_LinksTest" name="HD_ProductiveSettings" time="3.500"/>
  <system-out/>
  <testcase classname="Dashboard.HomeDashboard_LinksTest" name="HD_MyContacts" time="3.632"/>
  <system-out/>
  <testcase classname="Dashboard.HomeDashboard_LinksTest" name="HD_SearchContacts" time="3.633"/>
  <system-out/>
  <testcase classname="Dashboard.HomeDashboard_LinksTest" name="HD_NewContact" time="3.548"/>
  <system-out/>
  <testcase classname="Dashboard.HomeDashboard_LinksTest" name="HD_CompanyList" time="3.524"/>
  <system-out/>
  <testcase classname="Dashboard.HomeDashboard_LinksTest" name="HD_SearchCompanies" time="3.525"/>
  <system-out/>
  <testcase classname="Dashboard.HomeDashboard_LinksTest" name="HD_NewCompany" time="3.536"/>
  <system-out/>
  <testcase classname="Dashboard.HomeDashboard_LinksTest" name="HD_ContactHotlists" time="3.701"/>
  <system-out/>
</testsuite> <!-- Dashboard.HomeDashboard_LinksTest -->
