<?xml version="1.0" encoding="UTF-8"?>
<!-- Generated by org.testng.reporters.JUnitReportReporter -->
<testsuite hostname="Sivarama-Krishna" failures="0" tests="31" name="Dashboard.HomeDashboard_LinksTest" time="123.465" errors="0" timestamp="2023-11-10T11:46:18 IST" skipped="0">
  <testcase classname="Dashboard.HomeDashboard_LinksTest" name="BrowserLaunch" time="8.983"/>
  <system-out/>
  <testcase classname="Dashboard.HomeDashboard_LinksTest" name="HD_MyJob" time="9.343"/>
  <system-out/>
  <testcase classname="Dashboard.HomeDashboard_LinksTest" name="HD_NewJob" time="3.262"/>
  <system-out/>
  <testcase classname="Dashboard.HomeDashboard_LinksTest" name="HD_SearchJobs" time="4.214"/>
  <system-out/>
  <testcase classname="Dashboard.HomeDashboard_LinksTest" name="HD_JobsDashboard" time="4.744"/>
  <system-out/>
  <testcase classname="Dashboard.HomeDashboard_LinksTest" name="HD_JobSubmissionReport" time="4.653"/>
  <system-out/>
  <testcase classname="Dashboard.HomeDashboard_LinksTest" name="HD_RecruitersSubmissionReport" time="4.385"/>
  <system-out/>
  <testcase classname="Dashboard.HomeDashboard_LinksTest" name="HD_RecruitersInterviewReport" time="3.536"/>
  <system-out/>
  <testcase classname="Dashboard.HomeDashboard_LinksTest" name="HD_RecruitersHiringReport" time="3.351"/>
  <system-out/>
  <testcase classname="Dashboard.HomeDashboard_LinksTest" name="HD_RecruitersActiveReport" time="3.401"/>
  <system-out/>
  <testcase classname="Dashboard.HomeDashboard_LinksTest" name="HD_TalentSearch" time="3.635"/>
  <system-out/>
  <testcase classname="Dashboard.HomeDashboard_LinksTest" name="HD_NewCandidate" time="3.550"/>
  <system-out/>
  <testcase classname="Dashboard.HomeDashboard_LinksTest" name="HD_CandidateHotlists" time="3.484"/>
  <system-out/>
  <testcase classname="Dashboard.HomeDashboard_LinksTest" name="HD_SearchCandidateNotes" time="3.462"/>
  <system-out/>
  <testcase classname="Dashboard.HomeDashboard_LinksTest" name="HD_CandidateList" time="3.307"/>
  <system-out/>
  <testcase classname="Dashboard.HomeDashboard_LinksTest" name="HD_CreateRecruiter" time="3.352"/>
  <system-out/>
  <testcase classname="Dashboard.HomeDashboard_LinksTest" name="HD_RecruiterList" time="3.579"/>
  <system-out/>
  <testcase classname="Dashboard.HomeDashboard_LinksTest" name="HD_RoleAdministration" time="3.515"/>
  <system-out/>
  <testcase classname="Dashboard.HomeDashboard_LinksTest" name="HD_CreateGroup" time="3.520"/>
  <system-out/>
  <testcase classname="Dashboard.HomeDashboard_LinksTest" name="HD_ManageDivisions" time="3.651"/>
  <system-out/>
  <testcase classname="Dashboard.HomeDashboard_LinksTest" name="HD_ResumeParameters" time="3.379"/>
  <system-out/>
  <testcase classname="Dashboard.HomeDashboard_LinksTest" name="HD_MasterList" time="3.377"/>
  <system-out/>
  <testcase classname="Dashboard.HomeDashboard_LinksTest" name="HD_Notifications" time="3.562"/>
  <system-out/>
  <testcase classname="Dashboard.HomeDashboard_LinksTest" name="HD_ProductiveSettings" time="3.519"/>
  <system-out/>
  <testcase classname="Dashboard.HomeDashboard_LinksTest" name="HD_MyContacts" time="3.521"/>
  <system-out/>
  <testcase classname="Dashboard.HomeDashboard_LinksTest" name="HD_SearchContacts" time="3.608"/>
  <system-out/>
  <testcase classname="Dashboard.HomeDashboard_LinksTest" name="HD_NewContact" time="3.368"/>
  <system-out/>
  <testcase classname="Dashboard.HomeDashboard_LinksTest" name="HD_CompanyList" time="3.424"/>
  <system-out/>
  <testcase classname="Dashboard.HomeDashboard_LinksTest" name="HD_SearchCompanies" time="3.629"/>
  <system-out/>
  <testcase classname="Dashboard.HomeDashboard_LinksTest" name="HD_NewCompany" time="3.570"/>
  <system-out/>
  <testcase classname="Dashboard.HomeDashboard_LinksTest" name="HD_ContactHotlists" time="3.581"/>
  <system-out/>
</testsuite> <!-- Dashboard.HomeDashboard_LinksTest -->
