<?xml version="1.0" encoding="UTF-8"?>
<!-- Generated by org.testng.reporters.JUnitReportReporter -->
<testsuite hostname="Sivarama-Krishna" failures="0" tests="3" name="JobManagementTest.RecSubmissionReport" time="10.940" errors="0" timestamp="2023-08-25T16:29:05 IST" skipped="0">
  <testcase classname="JobManagementTest.RecSubmissionReport" name="BrowserLaunch" time="6.724"/>
  <system-out/>
  <testcase classname="JobManagementTest.RecSubmissionReport" name="VerifyRECSubmissionReport" time="2.032"/>
  <system-out/>
  <testcase classname="JobManagementTest.RecSubmissionReport" name="VerifyMyJob_Title" time="2.184"/>
  <system-out/>
</testsuite> <!-- JobManagementTest.RecSubmissionReport -->
