<?xml version="1.0" encoding="UTF-8"?>
<!-- Generated by org.testng.reporters.JUnitReportReporter -->
<testsuite hostname="Sivarama-Krishna" failures="0" tests="5" name="LaunchBrowserTest.Smoketest" time="79.943" errors="0" timestamp="2023-11-01T22:23:57 IST" skipped="0">
  <testcase classname="LaunchBrowserTest.Smoketest" name="BrowserLaunch" time="7.164"/>
  <system-out/>
  <testcase classname="LaunchBrowserTest.Smoketest" name="Create_New_Company" time="13.124"/>
  <system-out/>
  <testcase classname="LaunchBrowserTest.Smoketest" name="Create_New_Contact" time="9.756"/>
  <system-out/>
  <testcase classname="LaunchBrowserTest.Smoketest" name="Crate_New_Recruiter" time="27.953"/>
  <system-out/>
  <testcase classname="LaunchBrowserTest.Smoketest" name="Create_New_Job" time="21.946"/>
  <system-out/>
</testsuite> <!-- LaunchBrowserTest.Smoketest -->
