<?xml version="1.0" encoding="UTF-8"?>
<!-- Generated by org.testng.reporters.JUnitReportReporter -->
<testsuite hostname="Sivarama-Krishna" failures="0" tests="3" name="TalentManagement.NewCandidate_withoutResume" time="30.991" errors="0" timestamp="2023-08-31T13:34:50 IST" skipped="0">
  <testcase classname="TalentManagement.NewCandidate_withoutResume" name="BrowserLaunch" time="9.361"/>
  <system-out/>
  <testcase classname="TalentManagement.NewCandidate_withoutResume" name="navigatetoNewcandidatescreen" time="13.422"/>
  <system-out/>
  <testcase classname="TalentManagement.NewCandidate_withoutResume" name="EnterDetails_CandidateWithoutResume" time="8.208"/>
  <system-out/>
</testsuite> <!-- TalentManagement.NewCandidate_withoutResume -->
