<?xml version="1.0" encoding="UTF-8"?>
<!-- Generated by org.testng.reporters.JUnitReportReporter -->
<testsuite hostname="Sivarama-Krishna" failures="0" tests="2" name="LaunchBrowserTest.demoTest" time="29.003" errors="0" timestamp="2023-08-25T11:28:59 IST" skipped="0">
  <testcase classname="LaunchBrowserTest.demoTest" name="BrowserLaunch" time="7.272"/>
  <system-out/>
  <testcase classname="LaunchBrowserTest.demoTest" name="EnterNewJob" time="21.731"/>
  <system-out/>
</testsuite> <!-- LaunchBrowserTest.demoTest -->
