<?xml version="1.0" encoding="UTF-8"?>
<!-- Generated by org.testng.reporters.JUnitReportReporter -->
<testsuite hostname="Sivarama-Krishna" failures="0" tests="2" name="LaunchBrowserTest.ATSLaunch" time="12.381" errors="0" timestamp="2023-08-18T19:57:58 IST" skipped="0">
  <testcase classname="LaunchBrowserTest.ATSLaunch" name="BrowserLaunch" time="11.922"/>
  <system-out/>
  <testcase classname="LaunchBrowserTest.ATSLaunch" name="EnterLoginCredetials" time="0.459"/>
  <system-out/>
</testsuite> <!-- LaunchBrowserTest.ATSLaunch -->
