<?xml version="1.0" encoding="UTF-8"?>
<!-- Generated by org.testng.reporters.JUnitReportReporter -->
<testsuite hostname="Sivarama-Krishna" failures="0" tests="2" name="MainTest.SchdeduleStart" time="18.415" errors="0" timestamp="2023-09-20T20:20:29 IST" skipped="0">
  <testcase classname="MainTest.SchdeduleStart" name="BrowserLaunch" time="8.194"/>
  <system-out/>
  <testcase classname="MainTest.SchdeduleStart" name="Schedule_Start" time="10.221"/>
  <system-out/>
</testsuite> <!-- MainTest.SchdeduleStart -->
