<?xml version="1.0" encoding="UTF-8"?>
<!-- Generated by org.testng.reporters.JUnitReportReporter -->
<testsuite hostname="Sivarama-Krishna" failures="0" tests="2" name="TalentManagement.NewCandidate_UploadResume" time="11.749" errors="0" timestamp="2023-09-04T16:55:11 IST" skipped="0">
  <testcase classname="TalentManagement.NewCandidate_UploadResume" name="BrowserLaunch" time="7.894"/>
  <system-out/>
  <testcase classname="TalentManagement.NewCandidate_UploadResume" name="UploadResume" time="3.855"/>
  <system-out/>
</testsuite> <!-- TalentManagement.NewCandidate_UploadResume -->
