<?xml version="1.0" encoding="UTF-8"?>
<!-- Generated by org.testng.reporters.JUnitReportReporter -->
<testsuite hostname="Sivarama-Krishna" failures="0" tests="2" name="JobManagementTest.TestDemo" time="146.419" errors="0" timestamp="2023-08-28T19:11:39 IST" skipped="0">
  <testcase classname="JobManagementTest.TestDemo" name="BrowserLaunch" time="10.981"/>
  <system-out/>
  <testcase classname="JobManagementTest.TestDemo" name="MasterList" time="135.438"/>
  <system-out/>
</testsuite> <!-- JobManagementTest.TestDemo -->
