<?xml version="1.0" encoding="UTF-8"?>
<!-- Generated by org.testng.reporters.JUnitReportReporter -->
<testsuite hostname="Sivarama-Krishna" failures="0" tests="5" name="JobManagementTest.MyJobTest" time="17.907" errors="0" timestamp="2023-08-25T15:27:28 IST" skipped="0">
  <testcase classname="JobManagementTest.MyJobTest" name="BrowserLaunch" time="8.461"/>
  <system-out/>
  <testcase classname="JobManagementTest.MyJobTest" name="VerifyMyJobRecords" time="2.486"/>
  <system-out/>
  <testcase classname="JobManagementTest.MyJobTest" name="VerifyMyJob_ATSID" time="2.110"/>
  <system-out/>
  <testcase classname="JobManagementTest.MyJobTest" name="VerifyMyJob_ClientID" time="2.436"/>
  <system-out/>
  <testcase classname="JobManagementTest.MyJobTest" name="VerifyMyJob_Title" time="2.414"/>
  <system-out/>
</testsuite> <!-- JobManagementTest.MyJobTest -->
