<?xml version="1.0" encoding="UTF-8"?>
<!-- Generated by org.testng.reporters.JUnitXMLReporter -->
<testsuite ignored="0" hostname="Sivarama-Krishna" failures="0" tests="5" name="Smoke Test" time="28.508" errors="0" timestamp="2023-08-01T19:13:10 IST">
  <testcase classname="Testpages.SmokeTesting" name="EnterLoginCredetials" time="0.347"/>
  <testcase classname="Testpages.SmokeTesting" name="Navigate_NewCompanyLink" time="4.133"/>
  <testcase classname="Testpages.SmokeTesting" name="EnterCompanyDetails" time="8.91"/>
  <testcase classname="Testpages.SmokeTesting" name="Navigate_NewContactLink" time="2.348"/>
  <testcase classname="Testpages.SmokeTesting" name="EnterContactsDetails" time="8.31"/>
</testsuite> <!-- Smoke Test -->
