<?xml version="1.0" encoding="UTF-8"?>
<!-- Generated by org.testng.reporters.JUnitReportReporter -->
<testsuite hostname="Sivarama-Krishna" failures="0" tests="3" name="Testpages.LoginTest" time="7.381" errors="0" timestamp="2023-07-26T22:17:46 IST" skipped="0">
  <testcase classname="Testpages.LoginTest" name="EnterLoginCredetials" time="0.496"/>
  <system-out/>
  <testcase classname="Testpages.LoginTest" name="Navigate_NewCompany" time="4.420"/>
  <system-out/>
  <testcase classname="Testpages.LoginTest" name="enterCompanyDetails" time="2.465"/>
  <system-out/>
</testsuite> <!-- Testpages.LoginTest -->
