<?xml version="1.0" encoding="UTF-8"?>
<testng-results ignored="0" total="1" passed="1" failed="0" skipped="0">
  <reporter-output>
  </reporter-output>
  <suite started-at="2024-02-07T18:19:19 IST" name="Default suite" finished-at="2024-02-07T18:19:32 IST" duration-ms="12636">
    <groups>
    </groups>
    <test started-at="2024-02-07T18:19:19 IST" name="Default test" finished-at="2024-02-07T18:19:32 IST" duration-ms="12636">
      <class name="main.LoginAutomation">
        <test-method signature="login()[pri:0, instance:main.LoginAutomation@7193666c]" started-at="2024-02-07T18:19:19 IST" name="login" finished-at="2024-02-07T18:19:32 IST" duration-ms="12589" status="PASS">
          <reporter-output>
          </reporter-output>
        </test-method> <!-- login -->
      </class> <!-- main.LoginAutomation -->
    </test> <!-- Default test -->
  </suite> <!-- Default suite -->
</testng-results>
